2025-03-09 01:52:21,091 - MonitorService - INFO - 启动政策监测服务...
2025-03-09 01:52:21,132 - MonitorService - INFO - 监测服务已启动，按Ctrl+C停止...
2025-03-09 01:52:36,130 - MonitorService - INFO - 接收到停止信号，正在关闭服务...
2025-03-09 01:52:36,138 - MonitorService - INFO - 服务已停止
2025-03-09 17:21:07,399 - MonitorService - INFO - 启动政策监测服务...
2025-03-09 17:21:07,439 - MonitorService - INFO - 监测服务已启动，按Ctrl+C停止...
2025-03-09 17:27:04,335 - MonitorService - INFO - 接收到停止信号，正在关闭服务...
2025-03-09 17:27:04,450 - MonitorService - INFO - 服务已停止
2025-03-10 09:41:05,559 - MonitorService - INFO - 启动政策监测服务...
2025-03-10 09:41:05,595 - MonitorService - INFO - 监测服务已启动，按Ctrl+C停止...
2025-03-10 09:45:20,964 - MonitorService - INFO - 接收到停止信号，正在关闭服务...
2025-03-10 09:45:21,455 - MonitorService - INFO - 服务已停止
2025-03-10 09:46:08,301 - MonitorService - INFO - 启动政策监测服务...
2025-03-10 09:46:08,329 - MonitorService - INFO - 监测服务已启动，按Ctrl+C停止...
2025-03-10 09:48:18,193 - MonitorService - INFO - 接收到停止信号，正在关闭服务...
2025-03-10 09:48:23,197 - MonitorService - INFO - 服务已停止
2025-03-10 10:16:52,084 - MonitorService - INFO - 启动政策监测服务...
2025-03-10 10:16:52,087 - MonitorService - ERROR - 服务运行异常: 'PolicyMonitor' object has no attribute 'load_all_sites'
2025-03-10 17:25:15,298 - MonitorService - INFO - 启动政策监测服务...
2025-03-10 17:25:15,304 - MonitorService - ERROR - 服务运行异常: 'PolicyMonitor' object has no attribute 'load_all_sites'
2025-03-10 17:31:03,951 - MonitorService - INFO - 启动政策监测服务...
2025-03-10 17:31:03,977 - MonitorService - ERROR - 服务运行异常: 'PolicyMonitor' object has no attribute 'start'
2025-03-10 17:46:22,502 - MonitorService - INFO - 启动政策监测服务...
2025-03-10 17:46:22,536 - MonitorService - INFO - 监测服务已启动，按Ctrl+C停止...
2025-03-10 17:47:56,135 - MonitorService - INFO - 接收到停止信号，正在关闭服务...
2025-03-10 17:48:01,149 - MonitorService - INFO - 服务已停止
2025-03-10 17:50:58,593 - MonitorService - INFO - 启动政策监测服务...
2025-03-10 17:50:58,617 - MonitorService - INFO - 监测服务已启动，按Ctrl+C停止...
2025-03-10 18:01:25,472 - MonitorService - INFO - 接收到停止信号，正在关闭服务...
2025-03-10 18:01:25,894 - MonitorService - INFO - 服务已停止
2025-03-10 18:04:53,766 - MonitorService - INFO - 启动政策监测服务...
2025-03-10 18:04:53,792 - MonitorService - INFO - 监测服务已启动，按Ctrl+C停止...
2025-03-10 18:06:40,799 - MonitorService - INFO - 接收到停止信号，正在关闭服务...
2025-03-10 18:06:40,837 - MonitorService - INFO - 服务已停止
2025-03-10 19:10:53,784 - MonitorService - INFO - 启动政策监测服务...
2025-03-10 19:10:53,824 - MonitorService - INFO - 监测服务已启动，按Ctrl+C停止...
2025-03-10 19:12:04,913 - MonitorService - INFO - 接收到停止信号，正在关闭服务...
2025-03-10 19:12:05,874 - MonitorService - INFO - 服务已停止
2025-03-10 20:22:14,177 - MonitorService - INFO - 启动政策监测服务...
2025-03-10 20:22:14,216 - MonitorService - INFO - 监测服务已启动，按Ctrl+C停止...
2025-03-10 20:55:46,218 - MonitorService - INFO - 启动政策监测服务...
2025-03-10 20:55:46,247 - MonitorService - INFO - 监测服务已启动，按Ctrl+C停止...
2025-03-10 21:01:08,659 - MonitorService - INFO - 接收到停止信号，正在关闭服务...
2025-03-10 21:01:08,858 - MonitorService - INFO - 服务已停止
2025-03-10 21:01:51,332 - MonitorService - INFO - 启动政策监测服务...
2025-03-10 21:01:51,358 - MonitorService - INFO - 监测服务已启动，按Ctrl+C停止...
2025-03-10 21:03:19,474 - MonitorService - INFO - 接收到停止信号，正在关闭服务...
2025-03-10 21:03:19,785 - MonitorService - INFO - 服务已停止
2025-03-10 21:03:59,937 - MonitorService - INFO - 启动政策监测服务...
2025-03-10 21:03:59,961 - MonitorService - INFO - 监测服务已启动，按Ctrl+C停止...
2025-03-10 21:08:04,804 - MonitorService - INFO - 接收到停止信号，正在关闭服务...
2025-03-10 21:08:05,049 - MonitorService - INFO - 服务已停止
2025-03-10 21:14:36,077 - MonitorService - INFO - 启动政策监测服务...
2025-03-10 21:14:36,101 - MonitorService - INFO - 监测服务已启动，按Ctrl+C停止...
2025-03-10 21:17:38,316 - MonitorService - INFO - 接收到停止信号，正在关闭服务...
2025-03-10 21:17:38,433 - MonitorService - INFO - 服务已停止
2025-03-10 21:20:53,872 - MonitorService - INFO - 启动政策监测服务...
2025-03-10 21:20:53,901 - MonitorService - INFO - 监测服务已启动，按Ctrl+C停止...
2025-03-10 21:23:16,635 - MonitorService - INFO - 接收到停止信号，正在关闭服务...
2025-03-10 21:23:17,076 - MonitorService - INFO - 服务已停止
2025-03-10 21:29:47,659 - MonitorService - INFO - 启动政策监测服务...
2025-03-10 21:29:47,682 - MonitorService - INFO - 强制重新加载所有站点配置...
2025-03-10 21:29:47,699 - MonitorService - INFO - 深圳政府站点栏目优先级: 深圳市政府文件 - 优先级: 9
2025-03-10 21:29:47,699 - MonitorService - INFO - 深圳政府站点栏目优先级: 深圳市政策法规 - 优先级: 9
2025-03-10 21:29:47,707 - MonitorService - INFO - 监测服务已启动，按Ctrl+C停止...
2025-03-10 21:33:48,953 - MonitorService - INFO - 接收到停止信号，正在关闭服务...
2025-03-10 21:33:49,893 - MonitorService - INFO - 服务已停止
2025-03-10 21:34:02,177 - MonitorService - INFO - 启动政策监测服务...
2025-03-10 21:34:02,211 - MonitorService - INFO - 强制重新加载所有站点配置...
2025-03-10 21:34:02,217 - MonitorService - INFO - 监测服务已启动，按Ctrl+C停止...
2025-03-10 21:34:09,818 - MonitorService - INFO - 接收到停止信号，正在关闭服务...
2025-03-10 21:34:10,219 - MonitorService - INFO - 服务已停止
2025-03-10 21:35:29,216 - MonitorService - INFO - 启动政策监测服务...
2025-03-10 21:35:29,251 - MonitorService - INFO - 强制重新加载sz_gov站点配置...
2025-03-10 21:35:29,261 - MonitorService - INFO - 监测服务已启动，按Ctrl+C停止...
2025-03-10 21:35:43,532 - MonitorService - INFO - 接收到停止信号，正在关闭服务...
2025-03-10 21:35:44,265 - MonitorService - INFO - 服务已停止
2025-03-10 21:43:40,189 - MonitorService - INFO - 启动政策监测服务...
2025-03-10 21:43:40,221 - MonitorService - INFO - 强制重新加载sz_gov站点配置...
2025-03-10 21:43:40,228 - MonitorService - INFO - sz_gov站点优先级信息: 深圳市政府文件 - 优先级: 2
2025-03-10 21:43:40,228 - MonitorService - INFO - sz_gov站点优先级信息: 深圳市政策法规 - 优先级: 2
2025-03-10 21:43:40,233 - MonitorService - INFO - 监测服务已启动，按Ctrl+C停止...
2025-03-10 21:50:48,684 - MonitorService - INFO - 接收到停止信号，正在关闭服务...
2025-03-10 21:50:49,590 - MonitorService - INFO - 服务已停止
2025-03-10 21:51:26,465 - MonitorService - INFO - 启动政策监测服务...
2025-03-10 21:51:26,497 - MonitorService - INFO - 强制重新加载sz_gov站点配置...
2025-03-10 21:51:26,504 - MonitorService - INFO - sz_gov站点优先级信息: 深圳市政府文件 - 优先级: 2
2025-03-10 21:51:26,504 - MonitorService - INFO - sz_gov站点优先级信息: 深圳市政策法规 - 优先级: 2
2025-03-10 21:51:26,508 - MonitorService - INFO - 监测服务已启动，按Ctrl+C停止...
2025-03-10 22:03:45,500 - MonitorService - INFO - 接收到停止信号，正在关闭服务...
2025-03-10 22:03:45,886 - MonitorService - INFO - 服务已停止
2025-03-10 22:04:18,433 - MonitorService - INFO - 启动政策监测服务...
2025-03-10 22:04:18,452 - MonitorService - INFO - 强制重新加载sz_gov站点配置...
2025-03-10 22:04:18,457 - MonitorService - INFO - 监测服务已启动，按Ctrl+C停止...
2025-03-10 22:10:30,904 - MonitorService - INFO - 接收到停止信号，正在关闭服务...
2025-03-10 22:10:31,703 - MonitorService - INFO - 服务已停止
2025-03-11 10:45:54,573 - MonitorService - INFO - 启动政策监测服务...
2025-03-11 10:45:54,598 - MonitorService - INFO - 强制重新加载sz_gov站点配置...
2025-03-11 10:45:54,605 - MonitorService - INFO - 监测服务已启动，按Ctrl+C停止...
2025-03-11 10:57:52,779 - MonitorService - INFO - 接收到停止信号，正在关闭服务...
2025-03-11 10:57:53,777 - MonitorService - INFO - 服务已停止
2025-03-11 11:00:48,165 - MonitorService - INFO - 启动政策监测服务...
2025-03-11 11:00:48,189 - MonitorService - INFO - 强制重新加载sz_gov站点配置...
2025-03-11 11:00:48,194 - MonitorService - INFO - 监测服务已启动，按Ctrl+C停止...
2025-03-11 11:08:07,793 - MonitorService - INFO - 接收到停止信号，正在关闭服务...
2025-03-11 11:08:07,866 - MonitorService - INFO - 服务已停止
2025-03-11 11:12:04,101 - MonitorService - INFO - 启动政策监测服务...
2025-03-11 11:12:04,118 - MonitorService - INFO - 强制重新加载sz_gov站点配置...
2025-03-11 11:12:04,124 - MonitorService - INFO - 监测服务已启动，按Ctrl+C停止...
2025-03-11 11:20:08,405 - MonitorService - INFO - 接收到停止信号，正在关闭服务...
2025-03-11 11:20:09,013 - MonitorService - INFO - 服务已停止
2025-03-11 11:30:57,685 - MonitorService - INFO - 启动政策监测服务...
2025-03-11 11:30:57,702 - MonitorService - INFO - 强制重新加载sz_gov站点配置...
2025-03-11 11:30:57,707 - MonitorService - INFO - 监测服务已启动，按Ctrl+C停止...
2025-03-11 11:45:28,567 - MonitorService - INFO - 接收到停止信号，正在关闭服务...
2025-03-11 11:45:29,021 - MonitorService - INFO - 服务已停止
2025-03-12 14:28:48,085 - MonitorService - INFO - 启动政策监测服务...
2025-03-12 14:28:48,120 - MonitorService - INFO - 强制重新加载sz_gov站点配置...
2025-03-12 14:28:48,126 - MonitorService - INFO - 监测服务已启动，按Ctrl+C停止...
2025-03-12 14:29:17,908 - MonitorService - INFO - 接收到停止信号，正在关闭服务...
2025-03-12 14:29:18,150 - MonitorService - INFO - 服务已停止
2025-03-12 15:12:52,655 - MonitorService - INFO - 启动政策监测服务...
2025-03-12 15:12:52,682 - MonitorService - INFO - 强制重新加载sz_gov站点配置...
2025-03-12 15:12:52,688 - MonitorService - INFO - 监测服务已启动，按Ctrl+C停止...
2025-03-12 15:12:59,974 - MonitorService - INFO - 接收到停止信号，正在关闭服务...
2025-03-12 15:13:00,690 - MonitorService - INFO - 服务已停止
